<?xml version="1.0" encoding="UTF-8"?>
<testng-results ignored="0" total="2" passed="2" failed="0" skipped="0">
  <reporter-output>
  </reporter-output>
  <suite started-at="2022-07-20T16:06:33 BST" name="Nopcommerce Suite" finished-at="2022-07-20T16:07:07 BST" duration-ms="33547">
    <groups>
      <group name="regression">
        <method signature="TC_001_AccountRegistration.test_account_Registration()[pri:0, instance:testCases.TC_001_AccountRegistration@2034b64c]" name="test_account_Registration" class="testCases.TC_001_AccountRegistration"/>
      </group> <!-- regression -->
      <group name="sanity">
        <method signature="TC_002_Login.test_login()[pri:0, instance:testCases.TC_002_Login@53045c6c]" name="test_login" class="testCases.TC_002_Login"/>
      </group> <!-- sanity -->
      <group name="master">
        <method signature="TC_001_AccountRegistration.test_account_Registration()[pri:0, instance:testCases.TC_001_AccountRegistration@2034b64c]" name="test_account_Registration" class="testCases.TC_001_AccountRegistration"/>
        <method signature="TC_002_Login.test_login()[pri:0, instance:testCases.TC_002_Login@53045c6c]" name="test_login" class="testCases.TC_002_Login"/>
      </group> <!-- master -->
    </groups>
    <test started-at="2022-07-20T16:06:33 BST" name="Nopcommerce Tests" finished-at="2022-07-20T16:07:07 BST" duration-ms="33547">
      <class name="testCases.TC_002_Login">
        <test-method is-config="true" signature="setup(java.lang.String)[pri:0, instance:testCases.TC_002_Login@53045c6c]" started-at="2022-07-20T16:06:59 BST" name="setup" finished-at="2022-07-20T16:07:01 BST" duration-ms="1836" status="PASS">
          <params>
            <param index="0">
              <value>
                <![CDATA[chrome]]>
              </value>
            </param>
          </params>
          <reporter-output>
          </reporter-output>
        </test-method> <!-- setup -->
        <test-method signature="test_login()[pri:0, instance:testCases.TC_002_Login@53045c6c]" started-at="2022-07-20T16:07:01 BST" name="test_login" finished-at="2022-07-20T16:07:06 BST" duration-ms="5759" status="PASS">
          <reporter-output>
          </reporter-output>
        </test-method> <!-- test_login -->
        <test-method is-config="true" signature="tearDown()[pri:0, instance:testCases.TC_002_Login@53045c6c]" started-at="2022-07-20T16:07:06 BST" name="tearDown" finished-at="2022-07-20T16:07:07 BST" duration-ms="614" status="PASS">
          <reporter-output>
          </reporter-output>
        </test-method> <!-- tearDown -->
      </class> <!-- testCases.TC_002_Login -->
      <class name="testCases.TC_001_AccountRegistration">
        <test-method is-config="true" signature="setup(java.lang.String)[pri:0, instance:testCases.TC_001_AccountRegistration@2034b64c]" started-at="2022-07-20T16:06:34 BST" name="setup" finished-at="2022-07-20T16:06:44 BST" duration-ms="9890" status="PASS">
          <params>
            <param index="0">
              <value>
                <![CDATA[chrome]]>
              </value>
            </param>
          </params>
          <reporter-output>
          </reporter-output>
        </test-method> <!-- setup -->
        <test-method signature="test_account_Registration()[pri:0, instance:testCases.TC_001_AccountRegistration@2034b64c]" started-at="2022-07-20T16:06:44 BST" name="test_account_Registration" finished-at="2022-07-20T16:06:57 BST" duration-ms="13724" status="PASS">
          <reporter-output>
          </reporter-output>
        </test-method> <!-- test_account_Registration -->
        <test-method is-config="true" signature="tearDown()[pri:0, instance:testCases.TC_001_AccountRegistration@2034b64c]" started-at="2022-07-20T16:06:58 BST" name="tearDown" finished-at="2022-07-20T16:06:59 BST" duration-ms="1145" status="PASS">
          <reporter-output>
          </reporter-output>
        </test-method> <!-- tearDown -->
      </class> <!-- testCases.TC_001_AccountRegistration -->
    </test> <!-- Nopcommerce Tests -->
  </suite> <!-- Nopcommerce Suite -->
</testng-results>
